<?xml version="1.0" encoding="UTF-8"?>
<!-- Generated by org.testng.reporters.JUnitReportReporter -->
<testsuite hostname="DESKTOP-TAS29CJ" name="testing2.InvocationTest" tests="10" failures="0" timestamp="6 Aug 2019 14:21:13 GMT" time="116.114" errors="0">
  <testcase name="testdropdown" time="10.630" classname="testing2.InvocationTest"/>
  <testcase name="testdropdown" time="11.657" classname="testing2.InvocationTest"/>
  <testcase name="testdropdown" time="11.000" classname="testing2.InvocationTest"/>
  <testcase name="testdropdown" time="11.543" classname="testing2.InvocationTest"/>
  <testcase name="testdropdown" time="12.436" classname="testing2.InvocationTest"/>
  <testcase name="testdropdown" time="11.812" classname="testing2.InvocationTest"/>
  <testcase name="testdropdown" time="11.167" classname="testing2.InvocationTest"/>
  <testcase name="testdropdown" time="11.557" classname="testing2.InvocationTest"/>
  <testcase name="testdropdown" time="11.996" classname="testing2.InvocationTest"/>
  <testcase name="testdropdown" time="12.316" classname="testing2.InvocationTest"/>
</testsuite> <!-- testing2.InvocationTest -->
