<?xml version="1.0" encoding="UTF-8"?>
<!-- Generated by org.testng.reporters.JUnitReportReporter -->
<testsuite hostname="DESKTOP-TAS29CJ" name="testing2.PracticTestNG" tests="2" failures="0" timestamp="6 Aug 2019 14:21:13 GMT" time="0.008" errors="0">
  <testcase name="test2" time="0.005" classname="testing2.PracticTestNG"/>
  <testcase name="test" time="0.003" classname="testing2.PracticTestNG"/>
</testsuite> <!-- testing2.PracticTestNG -->
