<?xml version="1.0" encoding="UTF-8"?>
<!-- Generated by org.testng.reporters.JUnitReportReporter -->
<testsuite hostname="DESKTOP-TAS29CJ" name="testing2.ParametersTesting" tests="1" failures="0" timestamp="6 Aug 2019 18:31:31 GMT" time="25.550" errors="0">
  <testcase name="login" time="25.550" classname="testing2.ParametersTesting"/>
</testsuite> <!-- testing2.ParametersTesting -->
