<?xml version="1.0" encoding="UTF-8"?>
<!-- Generated by org.testng.reporters.JUnitReportReporter -->
<testsuite hostname="DESKTOP-TAS29CJ" name="testing2.PracticeTestCases" tests="3" failures="0" timestamp="6 Aug 2019 14:21:13 GMT" time="26.552" errors="0">
  <testcase name="logotest" time="8.954" classname="testing2.PracticeTestCases"/>
  <testcase name="testtitle" time="8.460" classname="testing2.PracticeTestCases"/>
  <testcase name="linktest" time="9.138" classname="testing2.PracticeTestCases"/>
</testsuite> <!-- testing2.PracticeTestCases -->
